-------------------------------------------------------------------------------
Test set: TestSuite
-------------------------------------------------------------------------------
Tests run: 1, Failures: 1, Errors: 0, Skipped: 0, Time elapsed: 25.177 s <<< FAILURE! - in TestSuite
web.GoogleSearch.test_1  Time elapsed: 5.777 s  <<< FAILURE!
java.lang.AssertionError: expected:<3> but was:<14>
	at web.GoogleSearch.test_1(GoogleSearch.java:33)

